Determining if the function memset_s exists in the c failed with the following output:
Change Dir: /home/mb/QSF/build/CMakeFiles/CMakeTmp

Run Build Command(s):/usr/bin/gmake -f Makefile cmTC_1cd1b/fast && /usr/bin/gmake  -f CMakeFiles/cmTC_1cd1b.dir/build.make CMakeFiles/cmTC_1cd1b.dir/build
gmake[1]: Entering directory '/home/mb/QSF/build/CMakeFiles/CMakeTmp'
Building C object CMakeFiles/cmTC_1cd1b.dir/CheckFunctionExists.c.o
/usr/bin/cc   -O2 -march=native -pthread -DCHECK_FUNCTION_EXISTS=memset_s -o CMakeFiles/cmTC_1cd1b.dir/CheckFunctionExists.c.o -c /usr/share/cmake-3.22/Modules/CheckFunctionExists.c
Linking C executable cmTC_1cd1b
/usr/bin/cmake -E cmake_link_script CMakeFiles/cmTC_1cd1b.dir/link.txt --verbose=1
/usr/bin/cc -O2 -march=native -pthread -DCHECK_FUNCTION_EXISTS=memset_s -rdynamic CMakeFiles/cmTC_1cd1b.dir/CheckFunctionExists.c.o -o cmTC_1cd1b   -L/home/mb/QSF/build/CMakeFiles/CMakeTmp/string.h  -Wl,-rpath,/home/mb/QSF/build/CMakeFiles/CMakeTmp/string.h -lc 
/usr/bin/ld: CMakeFiles/cmTC_1cd1b.dir/CheckFunctionExists.c.o: in function `main':
CheckFunctionExists.c:(.text.startup+0x10): undefined reference to `memset_s'
collect2: error: ld returned 1 exit status
gmake[1]: *** [CMakeFiles/cmTC_1cd1b.dir/build.make:99: cmTC_1cd1b] Error 1
gmake[1]: Leaving directory '/home/mb/QSF/build/CMakeFiles/CMakeTmp'
gmake: *** [Makefile:127: cmTC_1cd1b/fast] Error 2



Determining if the -Wl,-z,noexecheap linker flag is supported failed with the following output:
Change Dir: /home/mb/QSF/build/CMakeFiles/CMakeTmp

Run Build Command(s):/usr/bin/gmake -f Makefile cmTC_6f9b5/fast && /usr/bin/gmake  -f CMakeFiles/cmTC_6f9b5.dir/build.make CMakeFiles/cmTC_6f9b5.dir/build
gmake[1]: Entering directory '/home/mb/QSF/build/CMakeFiles/CMakeTmp'
Building C object CMakeFiles/cmTC_6f9b5.dir/CheckLinkerFlag.c.o
/usr/bin/cc   -Wl,-z,noexecheap    -Wl,-z,noexecheap -o CMakeFiles/cmTC_6f9b5.dir/CheckLinkerFlag.c.o -c /home/mb/QSF/cmake/CheckLinkerFlag.c
Linking C executable cmTC_6f9b5
/usr/bin/cmake -E cmake_link_script CMakeFiles/cmTC_6f9b5.dir/link.txt --verbose=1
/usr/bin/cc -Wl,-z,noexecheap  -Wl,-z,noexecheap  -rdynamic CMakeFiles/cmTC_6f9b5.dir/CheckLinkerFlag.c.o -o cmTC_6f9b5 
/usr/bin/ld: warning: -z noexecheap ignored
/usr/bin/ld: warning: -z noexecheap ignored
gmake[1]: Leaving directory '/home/mb/QSF/build/CMakeFiles/CMakeTmp'



